<?xml version="1.0" encoding="UTF-8"?>
<!-- Generated by org.testng.reporters.JUnitReportReporter -->
<testsuite skipped="0" hostname="CHNMCT201844L" name="edureka.co.TestAuthentication" tests="1" failures="0" timestamp="22 Oct 2018 20:18:36 GMT" time="59.968" errors="0">
  <testcase name="testAuthentication" time="59.968" classname="edureka.co.TestAuthentication"/>
</testsuite> <!-- edureka.co.TestAuthentication -->
